<?xml version="1.0" encoding="UTF-8"?>
<!-- Generated by org.testng.reporters.JUnitXMLReporter -->
<testsuite hostname="Sushma" name="TestFirefox" tests="1" failures="1" timestamp="4 Feb 2017 19:24:17 GMT" time="42.073" errors="0">
  <testcase name="testLoginLogout" time="21.139" classname="com.hrm.scripts.VerifyLoginLogout">
    <failure type="org.openqa.selenium.TimeoutException" message="Timed out after 10 seconds waiting for url to contain &amp;quot;login123&amp;quot;. Current url: &amp;quot;http://127.0.0.1/orangehrm-3.3.1/symfony/web/index.php/auth/login&amp;quot;
Build info: version: &amp;apos;2.53.0&amp;apos;, revision: &amp;apos;35ae25b&amp;apos;, time: &amp;apos;2016-03-15 17:00:58&amp;apos;
System info: host: &amp;apos;Sushma&amp;apos;, ip: &amp;apos;192.168.42.191&amp;apos;, os.name: &amp;apos;Windows 8.1&amp;apos;, os.arch: &amp;apos;amd64&amp;apos;, os.version: &amp;apos;6.3&amp;apos;, java.version: &amp;apos;1.8.0_51&amp;apos;
Driver info: org.openqa.selenium.firefox.FirefoxDriver
Capabilities [{applicationCacheEnabled=true, rotatable=false, handlesAlerts=true, databaseEnabled=true, version=41.0.2, platform=WINDOWS, nativeEvents=false, acceptSslCerts=true, webStorageEnabled=true, locationContextEnabled=true, browserName=firefox, takesScreenshot=true, javascriptEnabled=true, cssSelectorsEnabled=true}]
Session ID: 0be97c95-dea7-4476-ba6e-d7cdf1567597">
      <![CDATA[org.openqa.selenium.TimeoutException: Timed out after 10 seconds waiting for url to contain "login123". Current url: "http://127.0.0.1/orangehrm-3.3.1/symfony/web/index.php/auth/login"
Build info: version: '2.53.0', revision: '35ae25b', time: '2016-03-15 17:00:58'
System info: host: 'Sushma', ip: '192.168.42.191', os.name: 'Windows 8.1', os.arch: 'amd64', os.version: '6.3', java.version: '1.8.0_51'
Driver info: org.openqa.selenium.firefox.FirefoxDriver
Capabilities [{applicationCacheEnabled=true, rotatable=false, handlesAlerts=true, databaseEnabled=true, version=41.0.2, platform=WINDOWS, nativeEvents=false, acceptSslCerts=true, webStorageEnabled=true, locationContextEnabled=true, browserName=firefox, takesScreenshot=true, javascriptEnabled=true, cssSelectorsEnabled=true}]
Session ID: 0be97c95-dea7-4476-ba6e-d7cdf1567597
	at org.openqa.selenium.support.ui.WebDriverWait.timeoutException(WebDriverWait.java:80)
	at org.openqa.selenium.support.ui.FluentWait.until(FluentWait.java:261)
	at com.hrm.base.BasePage.verifyURLhas(BasePage.java:21)
	at com.hrm.scripts.VerifyLoginLogout.testLoginLogout(VerifyLoginLogout.java:29)
... Removed 24 stack frames]]>
    </failure>
  </testcase> <!-- testLoginLogout -->
</testsuite> <!-- TestFirefox -->
